{"G:\\Koda\\b7_upg1_wordle\\wordle.js": {"path":"G:\\Koda\\b7_upg1_wordle\\wordle.js","statementMap":{"0":{"start":{"line":2,"column":22},"end":{"line":2,"column":50}},"1":{"start":{"line":3,"column":25},"end":{"line":3,"column":54}},"2":{"start":{"line":4,"column":20},"end":{"line":4,"column":22}},"3":{"start":{"line":6,"column":4},"end":{"line":13,"column":5}},"4":{"start":{"line":6,"column":16},"end":{"line":6,"column":17}},"5":{"start":{"line":7,"column":8},"end":{"line":12,"column":9}},"6":{"start":{"line":8,"column":12},"end":{"line":8,"column":71}},"7":{"start":{"line":9,"column":12},"end":{"line":9,"column":31}},"8":{"start":{"line":11,"column":12},"end":{"line":11,"column":73}},"9":{"start":{"line":16,"column":4},"end":{"line":22,"column":5}},"10":{"start":{"line":16,"column":16},"end":{"line":16,"column":17}},"11":{"start":{"line":17,"column":8},"end":{"line":21,"column":9}},"12":{"start":{"line":19,"column":12},"end":{"line":19,"column":43}},"13":{"start":{"line":20,"column":12},"end":{"line":20,"column":65}},"14":{"start":{"line":23,"column":4},"end":{"line":23,"column":103}},"15":{"start":{"line":23,"column":48},"end":{"line":23,"column":102}},"16":{"start":{"line":24,"column":4},"end":{"line":24,"column":19}},"17":{"start":{"line":27,"column":20},"end":{"line":27,"column":94}},"18":{"start":{"line":28,"column":0},"end":{"line":28,"column":24}},"19":{"start":{"line":35,"column":85},"end":{"line":35,"column":37495}},"20":{"start":{"line":35,"column":89},"end":{"line":35,"column":37484}}},"fnMap":{"0":{"name":"wordle","decl":{"start":{"line":1,"column":9},"end":{"line":1,"column":15}},"loc":{"start":{"line":1,"column":28},"end":{"line":25,"column":1}},"line":1},"1":{"name":"(anonymous_1)","decl":{"start":{"line":23,"column":20},"end":{"line":23,"column":21}},"loc":{"start":{"line":23,"column":48},"end":{"line":23,"column":102}},"line":23},"2":{"name":"oo_cm","decl":{"start":{"line":35,"column":77},"end":{"line":35,"column":82}},"loc":{"start":{"line":35,"column":84},"end":{"line":35,"column":37496}},"line":35}},"branchMap":{"0":{"loc":{"start":{"line":7,"column":8},"end":{"line":12,"column":9}},"type":"if","locations":[{"start":{"line":7,"column":8},"end":{"line":12,"column":9}},{"start":{"line":10,"column":15},"end":{"line":12,"column":9}}],"line":7},"1":{"loc":{"start":{"line":17,"column":8},"end":{"line":21,"column":9}},"type":"if","locations":[{"start":{"line":17,"column":8},"end":{"line":21,"column":9}},{"start":{},"end":{}}],"line":17},"2":{"loc":{"start":{"line":17,"column":11},"end":{"line":17,"column":89}},"type":"binary-expr","locations":[{"start":{"line":17,"column":11},"end":{"line":17,"column":50}},{"start":{"line":17,"column":54},"end":{"line":17,"column":89}}],"line":17},"3":{"loc":{"start":{"line":35,"column":96},"end":{"line":35,"column":37483}},"type":"binary-expr","locations":[{"start":{"line":35,"column":96},"end":{"line":35,"column":133}},{"start":{"line":35,"column":137},"end":{"line":35,"column":37483}}],"line":35}},"s":{"0":5,"1":5,"2":5,"3":5,"4":5,"5":23,"6":9,"7":9,"8":14,"9":5,"10":5,"11":23,"12":5,"13":5,"14":5,"15":23,"16":5,"17":1,"18":1,"19":24,"20":24},"f":{"0":5,"1":23,"2":24},"b":{"0":[9,14],"1":[5,18],"2":[23,14],"3":[24,1]},"_coverageSchema":"1a1c01bbd47fc00a2c39e90264f33305004495a9","hash":"525bab4e0f84a6f7ab62e8713c907bd9fdec3147"}
}
